Arguments: 
  f:\Downloads\node\node.exe d:\MyConfiguration\hj14646\AppData\Roaming\npm\node_modules\yarn\bin\yarn.js remove react-router

PATH: 
  d:\MyConfiguration\hj14646\bin;.;C:\Program Files (x86)\Git\local\bin;C:\Program Files (x86)\Git\mingw\bin;C:\Program Files (x86)\Git\bin;C:\Program Files (x86)\Git\bin;f:\installsoftware\ImageMagick-7.0.1-Q16;c:\ProgramData\Oracle\Java\javapath;f:\Downloads\zhitu\ImageMagick-7.0.1-Q16;c:\windows\system32;c:\windows;c:\windows\System32\Wbem;c:\windows\System32\WindowsPowerShell\v1.0\;c:\Program Files\Microsoft\Web Platform Installer\;c:\Program Files (x86)\Microsoft ASP.NET\ASP.NET Web Pages\v1.0\;c:\Program Files\Microsoft SQL Server\110\Tools\Binn\;c:\Program Files (x86)\Microsoft SQL Server\100\Tools\Binn\;c:\Program Files\Microsoft SQL Server\100\Tools\Binn\;c:\Program Files\Microsoft SQL Server\100\DTS\Binn\;c:\Program Files (x86)\Microsoft SQL Server\100\Tools\Binn\VSShell\Common7\IDE\;c:\Program Files (x86)\Microsoft Visual Studio 9.0\Common7\IDE\PrivateAssemblies\;c:\Program Files (x86)\Microsoft SQL Server\100\DTS\Binn\;d:\hj安装的软件\node\;.;.;c:\;Program Files\Git\cmd;d:\hj安装的软件\;f:\D;wnloads\node\;c:\Program Files\Java\jdk1.8.0_77\bin;c:\Program Files\Java\jdk1.8.0_77\jre\bin;f:\installsoftware\android\androidsdk\platform-tools;f:\installsoftware\android\androidsdk\tools;c:\salt;f:\Downloads\node\;c:\Program Files (x86)\Windows Kits\8.1\Windows Performance Toolkit\;f:\installsoftware\7zip\7-Zip;d:\hj安装的软件\node;d:\MyConfiguration\hj14646\AppData\Local\Yarn\bin;f:\Downloads\yasuo;f:\Downloads\cmder;f:\installsoftware\Microsoft VS Code\bin;d:\MyConfiguration\hj14646\AppData\Roaming\npm;.;d:\MyConfiguration\hj14646\AppData\Local\Programs\Fiddler;f:\installsoftware\Fiddler;f:\Downloads\python;.

Yarn version: 
  1.5.1

Node version: 
  8.9.3

Platform: 
  win32 x64

npm manifest: 
  {
    "name": "react-demo",
    "version": "1.0.0",
    "description": "react-demo1",
    "main": "index.js",
    "scripts": {
      "start": "node scripts/start.js"
    },
    "author": "hanjie",
    "license": "ISC",
    "dependencies": {
      "antd-mobile": "^1.0.7",
      "array-tree-filter": "1.0.x",
      "classnames": "^2.2.3",
      "es6-promise": "^3.0.2",
      "fastclick": "^1.0.6",
      "hammerjs": "^2.0.6",
      "object-assign": "^4.0.1",
      "prop-types": "^15.5.8",
      "rc-form": "^1.3.2",
      "react": "^16.2.0",
      "react-addons-pure-render-mixin": "^15.5.2",
      "react-dom": "^16.2.0",
      "react-mixin": "^4.0.0",
      "react-redux": "^5.0.7",
      "react-router": "^1.0.3",
      "react-slick": "^0.20.0",
      "react-transition-group": "^1.1.3",
      "redux": "^3.7.2",
      "redux-thunk": "^2.2.0",
      "rmc-picker": "^3.8.5",
      "webpack-hot-middleware": "^2.18.0"
    },
    "devDependencies": {
      "@commitlint/cli": "^6.1.3",
      "@commitlint/config-conventional": "^6.1.3",
      "autoprefixer": "^8.2.0",
      "babel": "^6.23.0",
      "babel-cli": "^6.24.0",
      "babel-core": "6.22.1",
      "babel-eslint": "^7.2.3",
      "babel-jest": "18.0.0",
      "babel-loader": "^7.1.4",
      "babel-plugin-add-module-exports": "^0.2.1",
      "babel-plugin-import": "^1.6.5",
      "babel-plugin-transform-async-to-generator": "^6.24.1",
      "babel-plugin-transform-class-properties": "^6.23.0",
      "babel-plugin-transform-require-ignore": "^0.1.0",
      "babel-plugin-transform-runtime": "^6.23.0",
      "babel-polyfill": "^6.23.0",
      "babel-preset-env": "^1.6.1",
      "babel-preset-es2015": "^6.24.1",
      "babel-preset-react": "^6.24.1",
      "babel-preset-react-app": "^2.2.0",
      "babel-preset-stage-0": "^6.22.0",
      "babel-preset-stage-2": "^6.24.1",
      "babel-runtime": "^6.20.0",
      "babel-standalone": "^6.24.0",
      "case-sensitive-paths-webpack-plugin": "^1.1.4",
      "chalk": "1.1.3",
      "classname": "0.0.0",
      "connect-history-api-fallback": "1.3.0",
      "cross-env": "^5.0.0",
      "cross-spawn": "4.0.2",
      "css-loader": "^0.28.11",
      "detect-port": "1.1.0",
      "dotenv": "2.0.0",
      "eslint": "^4.16.0",
      "eslint-config-react-app": "^2.1.0",
      "eslint-loader": "1.9.0",
      "eslint-plugin-flowtype": "^2.42.0",
      "eslint-plugin-import": "^2.8.0",
      "eslint-plugin-jsx-a11y": "^5.1.1",
      "eslint-plugin-react": "^7.6.1",
      "exports-loader": "^0.6.2",
      "express": "^4.13.4",
      "extract-text-webpack-plugin": "^3.0.2",
      "file-loader": "^1.1.11",
      "fs-extra": "0.30.0",
      "html-webpack-plugin": "2.24.0",
      "http-proxy-middleware": "0.17.3",
      "husky": "^0.14.3",
      "imagemin-webpack-plugin": "^1.5.2",
      "imports-loader": "^0.6.5",
      "jest": "18.1.0",
      "json-loader": "0.5.4",
      "less": "^2.7.2",
      "less-loader": "^2.2.3",
      "lint-staged": "^6.1.0",
      "loader-utils": "^1.1.0",
      "node-sass": "^4.5.2",
      "open-browser-webpack-plugin": "^0.0.5",
      "postcss-flexbugs-fixes": "^3.3.0",
      "postcss-loader": "2.0.8",
      "postcss-pxtorem": "^4.0.1",
      "promise": "7.1.1",
      "react-addons-test-utils": "^15.5.1",
      "react-dev-utils": "^5.0.0",
      "react-hot-loader": "^1.3.0",
      "react-test-renderer": "^15.5.4",
      "regenerator-runtime": "^0.11.0",
      "sass": "^0.5.0",
      "sass-loader": "^6.0.3",
      "style-loader": "0.19.0",
      "sw-precache-webpack-plugin": "^0.11.4",
      "typescript": "^2.2.2",
      "uglify-js": "^2.4.16",
      "uglify-loader": "^2.0.0",
      "uglifyjs-webpack-plugin": "^0.4.6",
      "url-loader": "^0.6.2",
      "validate-commit-msg": "^2.14.0",
      "webpack": "^3.10.0",
      "webpack-bundle-analyzer": "^2.8.2",
      "webpack-dev-server": "2.9.4",
      "webpack-manifest-plugin": "1.3.2",
      "whatwg-fetch": "2.0.2"
    }
  }

yarn manifest: 
  No manifest

Lockfile: 
  No lockfile

Trace: 
  Error: No lockfile in this directory. Run `yarn install` to generate one.
      at new MessageError (d:\MyConfiguration\hj14646\AppData\Roaming\npm\node_modules\yarn\lib\cli.js:186:110)
      at d:\MyConfiguration\hj14646\AppData\Roaming\npm\node_modules\yarn\lib\cli.js:89389:13
      at <anonymous>
